<?xml version="1.0" encoding="UTF-8"?>
<!-- Generated by org.testng.reporters.JUnitXMLReporter -->
<testsuite hostname="darshan-VirtualBox" name="Surefire test" tests="16" failures="0" timestamp="13 Feb 2018 10:19:05 GMT" time="0.106" errors="0">
  <testcase name="testNumbers" time="0.002" classname="marytts.language.it.PreprocessTest"/>
  <testcase name="testNumbers" time="0.001" classname="marytts.language.it.PreprocessTest"/>
  <testcase name="testNumbers" time="0.005" classname="marytts.language.it.PreprocessTest"/>
  <testcase name="testNumbers" time="0.0" classname="marytts.language.it.PreprocessTest"/>
  <testcase name="testNumbers" time="0.0" classname="marytts.language.it.PreprocessTest"/>
  <testcase name="testNumbers" time="0.0" classname="marytts.language.it.PreprocessTest"/>
  <testcase name="testNumbers" time="0.0" classname="marytts.language.it.PreprocessTest"/>
  <testcase name="testNumbers" time="0.0" classname="marytts.language.it.PreprocessTest"/>
  <testcase name="testNumbers" time="0.0" classname="marytts.language.it.PreprocessTest"/>
  <testcase name="testNumbers" time="0.0" classname="marytts.language.it.PreprocessTest"/>
  <testcase name="testNumbers" time="0.0" classname="marytts.language.it.PreprocessTest"/>
  <testcase name="testNumbers" time="0.0" classname="marytts.language.it.PreprocessTest"/>
  <testcase name="testNumbers" time="0.001" classname="marytts.language.it.PreprocessTest"/>
  <testcase name="canGet" time="0.034" classname="marytts.language.it.ItalianConfigTest"/>
  <testcase name="hasItalianLocale" time="0.007" classname="marytts.language.it.ItalianConfigTest"/>
  <testcase name="isNotMainConfig" time="0.002" classname="marytts.language.it.ItalianConfigTest"/>
</testsuite> <!-- Surefire test -->
