<?xml version="1.0" encoding="UTF-8"?>
<!-- Generated by org.testng.reporters.JUnitXMLReporter -->
<testsuite hostname="darshan-VirtualBox" name="Surefire test" tests="3" failures="0" timestamp="13 Feb 2018 10:19:09 GMT" time="0.12" errors="0">
  <testcase name="canGet on canGet(marytts.language.fr.FrenchConfigTest)" time="0.016" classname="marytts.language.fr.FrenchConfigTest"/>
  <testcase name="hasFrenchLocale on hasFrenchLocale(marytts.language.fr.FrenchConfigTest)" time="0.002" classname="marytts.language.fr.FrenchConfigTest"/>
  <testcase name="isNotMainConfig on isNotMainConfig(marytts.language.fr.FrenchConfigTest)" time="0.006" classname="marytts.language.fr.FrenchConfigTest"/>
</testsuite> <!-- Surefire test -->
