<?xml version="1.0" encoding="UTF-8"?>
<!-- Generated by org.testng.reporters.JUnitXMLReporter -->
<testsuite hostname="darshan-VirtualBox" name="Surefire test" tests="6" failures="0" timestamp="13 Feb 2018 10:18:41 GMT" time="0.157" errors="0">
  <testcase name="canGet on canGet(marytts.language.en.EnglishConfigTest)" time="0.001" classname="marytts.language.en.EnglishConfigTest"/>
  <testcase name="haveLanguageConfig2 on haveLanguageConfig2(marytts.language.en.EnglishConfigTest)" time="0.001" classname="marytts.language.en.EnglishConfigTest"/>
  <testcase name="hasAllophoneSet on hasAllophoneSet(marytts.language.en.EnglishConfigTest)" time="0.002" classname="marytts.language.en.EnglishConfigTest"/>
  <testcase name="hasEnglishLocale on hasEnglishLocale(marytts.language.en.EnglishConfigTest)" time="0.001" classname="marytts.language.en.EnglishConfigTest"/>
  <testcase name="isNotMainConfig on isNotMainConfig(marytts.language.en.EnglishConfigTest)" time="0.002" classname="marytts.language.en.EnglishConfigTest"/>
  <testcase name="haveLanguageConfig on haveLanguageConfig(marytts.language.en.EnglishConfigTest)" time="0.0" classname="marytts.language.en.EnglishConfigTest"/>
</testsuite> <!-- Surefire test -->
