<?xml version="1.0" encoding="UTF-8"?>
<!-- Generated by org.testng.reporters.JUnitXMLReporter -->
<testsuite hostname="darshan-VirtualBox" name="Surefire test" tests="27" failures="0" timestamp="13 Feb 2018 10:19:21 GMT" time="2.131" errors="0">
  <testcase name="testProcess" time="1.035" classname="marytts.language.lb.LuxembourgishPhonemiserTest"/>
  <testcase name="testProcess" time="0.05" classname="marytts.language.lb.LuxembourgishPhonemiserTest"/>
  <testcase name="testProcess" time="0.087" classname="marytts.language.lb.LuxembourgishPhonemiserTest"/>
  <testcase name="testProcess" time="0.063" classname="marytts.language.lb.LuxembourgishPhonemiserTest"/>
  <testcase name="testProcess" time="0.05" classname="marytts.language.lb.LuxembourgishPhonemiserTest"/>
  <testcase name="testExpandCardinal" time="0.057" classname="marytts.language.lb.LuxembourgishPreprocessTest"/>
  <testcase name="testExpandCardinal" time="0.0" classname="marytts.language.lb.LuxembourgishPreprocessTest"/>
  <testcase name="testExpandCardinal" time="0.0" classname="marytts.language.lb.LuxembourgishPreprocessTest"/>
  <testcase name="testExpandCardinal" time="0.0" classname="marytts.language.lb.LuxembourgishPreprocessTest"/>
  <testcase name="testExpandCardinal" time="0.004" classname="marytts.language.lb.LuxembourgishPreprocessTest"/>
  <testcase name="testExpandCardinal" time="0.0" classname="marytts.language.lb.LuxembourgishPreprocessTest"/>
  <testcase name="testExpandCardinal" time="0.0" classname="marytts.language.lb.LuxembourgishPreprocessTest"/>
  <testcase name="testExpandCardinal" time="0.001" classname="marytts.language.lb.LuxembourgishPreprocessTest"/>
  <testcase name="testProcess" time="0.132" classname="marytts.language.lb.LuxembourgishPreprocessTest"/>
  <testcase name="testProcess" time="0.024" classname="marytts.language.lb.LuxembourgishPreprocessTest"/>
  <testcase name="testProcess" time="0.029" classname="marytts.language.lb.LuxembourgishPreprocessTest"/>
  <testcase name="testProcess" time="0.026" classname="marytts.language.lb.LuxembourgishPreprocessTest"/>
  <testcase name="testProcess" time="0.04" classname="marytts.language.lb.LuxembourgishPreprocessTest"/>
  <testcase name="testProcess" time="0.025" classname="marytts.language.lb.LuxembourgishPreprocessTest"/>
  <testcase name="testProcess" time="0.049" classname="marytts.language.lb.LuxembourgishPreprocessTest"/>
  <testcase name="testProcess" time="0.046" classname="marytts.language.lb.LuxembourgishPreprocessTest"/>
  <testcase name="testProcess" time="0.025" classname="marytts.language.lb.LuxembourgishPreprocessTest"/>
  <testcase name="testProcess" time="0.04" classname="marytts.language.lb.LuxembourgishPreprocessTest"/>
  <testcase name="testProcess" time="0.035" classname="marytts.language.lb.LuxembourgishPreprocessTest"/>
  <testcase name="canGet" time="0.002" classname="marytts.language.lb.LuxembourgishConfigTest"/>
  <testcase name="hasLuxembourgishLocale" time="0.005" classname="marytts.language.lb.LuxembourgishConfigTest"/>
  <testcase name="isNotMainConfig" time="0.006" classname="marytts.language.lb.LuxembourgishConfigTest"/>
</testsuite> <!-- Surefire test -->
