<?xml version="1.0" encoding="UTF-8"?>
<!-- Generated by org.testng.reporters.JUnitXMLReporter -->
<testsuite hostname="darshan-VirtualBox" name="Surefire test" tests="5" failures="0" timestamp="13 Feb 2018 10:19:28 GMT" time="0.232" errors="0">
  <testcase name="testDots1" time="0.061" classname="marytts.language.lb.JTokeniserIT"/>
  <testcase name="testDots2" time="0.024" classname="marytts.language.lb.JTokeniserIT"/>
  <testcase name="testDots3" time="0.024" classname="marytts.language.lb.JTokeniserIT"/>
  <testcase name="testExclam" time="0.011" classname="marytts.language.lb.JTokeniserIT"/>
  <testcase name="testQuest" time="0.032" classname="marytts.language.lb.JTokeniserIT"/>
</testsuite> <!-- Surefire test -->
