<?xml version="1.0" encoding="UTF-8"?>
<testng-results skipped="0" failed="0" total="3" passed="3">
  <reporter-output>
  </reporter-output>
  <suite name="Surefire suite" duration-ms="120" started-at="2018-02-13T10:19:08Z" finished-at="2018-02-13T10:19:09Z">
    <groups>
    </groups>
    <test name="Surefire test" duration-ms="120" started-at="2018-02-13T10:19:08Z" finished-at="2018-02-13T10:19:09Z">
      <class name="marytts.language.fr.FrenchConfigTest">
        <test-method status="PASS" signature="canGet()[pri:0, instance:canGet(marytts.language.fr.FrenchConfigTest)]" name="canGet" duration-ms="16" started-at="2018-02-13T15:49:08Z" finished-at="2018-02-13T15:49:08Z">
          <reporter-output>
          </reporter-output>
        </test-method> <!-- canGet -->
        <test-method status="PASS" signature="hasFrenchLocale()[pri:0, instance:hasFrenchLocale(marytts.language.fr.FrenchConfigTest)]" name="hasFrenchLocale" duration-ms="2" started-at="2018-02-13T15:49:08Z" finished-at="2018-02-13T15:49:08Z">
          <reporter-output>
          </reporter-output>
        </test-method> <!-- hasFrenchLocale -->
        <test-method status="PASS" signature="isNotMainConfig()[pri:0, instance:isNotMainConfig(marytts.language.fr.FrenchConfigTest)]" name="isNotMainConfig" duration-ms="6" started-at="2018-02-13T15:49:08Z" finished-at="2018-02-13T15:49:09Z">
          <reporter-output>
          </reporter-output>
        </test-method> <!-- isNotMainConfig -->
      </class> <!-- marytts.language.fr.FrenchConfigTest -->
    </test> <!-- Surefire test -->
  </suite> <!-- Surefire suite -->
</testng-results>
