<?xml version="1.0" encoding="UTF-8"?>
<testng-results skipped="0" failed="0" total="27" passed="27">
  <reporter-output>
  </reporter-output>
  <suite name="Surefire suite" duration-ms="2131" started-at="2018-02-13T10:19:19Z" finished-at="2018-02-13T10:19:21Z">
    <groups>
    </groups>
    <test name="Surefire test" duration-ms="2131" started-at="2018-02-13T10:19:19Z" finished-at="2018-02-13T10:19:21Z">
      <class name="marytts.language.lb.LuxembourgishPreprocessTest">
        <test-method status="PASS" signature="testExpandCardinal(java.lang.String, java.lang.String)[pri:0, instance:marytts.language.lb.LuxembourgishPreprocessTest@29ba4338]" name="testExpandCardinal" duration-ms="57" started-at="2018-02-13T15:49:20Z" data-provider="cardinalExpandData" finished-at="2018-02-13T15:49:20Z">
          <params>
            <param index="0">
              <value>
                <![CDATA[1]]>
              </value>
            </param>
            <param index="1">
              <value>
                <![CDATA[eent]]>
              </value>
            </param>
          </params>
          <reporter-output>
          </reporter-output>
        </test-method> <!-- testExpandCardinal -->
        <test-method status="PASS" signature="testExpandCardinal(java.lang.String, java.lang.String)[pri:0, instance:marytts.language.lb.LuxembourgishPreprocessTest@29ba4338]" name="testExpandCardinal" duration-ms="0" started-at="2018-02-13T15:49:20Z" data-provider="cardinalExpandData" finished-at="2018-02-13T15:49:20Z">
          <params>
            <param index="0">
              <value>
                <![CDATA[2]]>
              </value>
            </param>
            <param index="1">
              <value>
                <![CDATA[zwee]]>
              </value>
            </param>
          </params>
          <reporter-output>
          </reporter-output>
        </test-method> <!-- testExpandCardinal -->
        <test-method status="PASS" signature="testExpandCardinal(java.lang.String, java.lang.String)[pri:0, instance:marytts.language.lb.LuxembourgishPreprocessTest@29ba4338]" name="testExpandCardinal" duration-ms="0" started-at="2018-02-13T15:49:20Z" data-provider="cardinalExpandData" finished-at="2018-02-13T15:49:20Z">
          <params>
            <param index="0">
              <value>
                <![CDATA[3]]>
              </value>
            </param>
            <param index="1">
              <value>
                <![CDATA[dräi]]>
              </value>
            </param>
          </params>
          <reporter-output>
          </reporter-output>
        </test-method> <!-- testExpandCardinal -->
        <test-method status="PASS" signature="testExpandCardinal(java.lang.String, java.lang.String)[pri:0, instance:marytts.language.lb.LuxembourgishPreprocessTest@29ba4338]" name="testExpandCardinal" duration-ms="0" started-at="2018-02-13T15:49:20Z" data-provider="cardinalExpandData" finished-at="2018-02-13T15:49:20Z">
          <params>
            <param index="0">
              <value>
                <![CDATA[4]]>
              </value>
            </param>
            <param index="1">
              <value>
                <![CDATA[véier]]>
              </value>
            </param>
          </params>
          <reporter-output>
          </reporter-output>
        </test-method> <!-- testExpandCardinal -->
        <test-method status="PASS" signature="testExpandCardinal(java.lang.String, java.lang.String)[pri:0, instance:marytts.language.lb.LuxembourgishPreprocessTest@29ba4338]" name="testExpandCardinal" duration-ms="4" started-at="2018-02-13T15:49:20Z" data-provider="cardinalExpandData" finished-at="2018-02-13T15:49:20Z">
          <params>
            <param index="0">
              <value>
                <![CDATA[24]]>
              </value>
            </param>
            <param index="1">
              <value>
                <![CDATA[véieranzwanzeg]]>
              </value>
            </param>
          </params>
          <reporter-output>
          </reporter-output>
        </test-method> <!-- testExpandCardinal -->
        <test-method status="PASS" signature="testExpandCardinal(java.lang.String, java.lang.String)[pri:0, instance:marytts.language.lb.LuxembourgishPreprocessTest@29ba4338]" name="testExpandCardinal" duration-ms="0" started-at="2018-02-13T15:49:20Z" data-provider="cardinalExpandData" finished-at="2018-02-13T15:49:20Z">
          <params>
            <param index="0">
              <value>
                <![CDATA[2000000]]>
              </value>
            </param>
            <param index="1">
              <value>
                <![CDATA[zwou Milliounen]]>
              </value>
            </param>
          </params>
          <reporter-output>
          </reporter-output>
        </test-method> <!-- testExpandCardinal -->
        <test-method status="PASS" signature="testExpandCardinal(java.lang.String, java.lang.String)[pri:0, instance:marytts.language.lb.LuxembourgishPreprocessTest@29ba4338]" name="testExpandCardinal" duration-ms="0" started-at="2018-02-13T15:49:20Z" data-provider="cardinalExpandData" finished-at="2018-02-13T15:49:20Z">
          <params>
            <param index="0">
              <value>
                <![CDATA[42]]>
              </value>
            </param>
            <param index="1">
              <value>
                <![CDATA[zweeavéierzeg]]>
              </value>
            </param>
          </params>
          <reporter-output>
          </reporter-output>
        </test-method> <!-- testExpandCardinal -->
        <test-method status="PASS" signature="testExpandCardinal(java.lang.String, java.lang.String)[pri:0, instance:marytts.language.lb.LuxembourgishPreprocessTest@29ba4338]" name="testExpandCardinal" duration-ms="1" started-at="2018-02-13T15:49:20Z" data-provider="cardinalExpandData" finished-at="2018-02-13T15:49:20Z">
          <params>
            <param index="0">
              <value>
                <![CDATA[3567]]>
              </value>
            </param>
            <param index="1">
              <value>
                <![CDATA[dräidausendfënnefhonnertsiwenasiechzeg]]>
              </value>
            </param>
          </params>
          <reporter-output>
          </reporter-output>
        </test-method> <!-- testExpandCardinal -->
        <test-method status="PASS" signature="testProcess(java.lang.String, java.lang.String)[pri:0, instance:marytts.language.lb.LuxembourgishPreprocessTest@29ba4338]" name="testProcess" duration-ms="132" started-at="2018-02-13T15:49:20Z" data-provider="docData" finished-at="2018-02-13T15:49:20Z">
          <params>
            <param index="0">
              <value>
                <![CDATA[0]]>
              </value>
            </param>
            <param index="1">
              <value>
                <![CDATA[null]]>
              </value>
            </param>
          </params>
          <reporter-output>
          </reporter-output>
        </test-method> <!-- testProcess -->
        <test-method status="PASS" signature="testProcess(java.lang.String, java.lang.String)[pri:0, instance:marytts.language.lb.LuxembourgishPreprocessTest@29ba4338]" name="testProcess" duration-ms="24" started-at="2018-02-13T15:49:20Z" data-provider="docData" finished-at="2018-02-13T15:49:20Z">
          <params>
            <param index="0">
              <value>
                <![CDATA[1]]>
              </value>
            </param>
            <param index="1">
              <value>
                <![CDATA[eent]]>
              </value>
            </param>
          </params>
          <reporter-output>
          </reporter-output>
        </test-method> <!-- testProcess -->
        <test-method status="PASS" signature="testProcess(java.lang.String, java.lang.String)[pri:0, instance:marytts.language.lb.LuxembourgishPreprocessTest@29ba4338]" name="testProcess" duration-ms="29" started-at="2018-02-13T15:49:20Z" data-provider="docData" finished-at="2018-02-13T15:49:20Z">
          <params>
            <param index="0">
              <value>
                <![CDATA[2]]>
              </value>
            </param>
            <param index="1">
              <value>
                <![CDATA[zwee]]>
              </value>
            </param>
          </params>
          <reporter-output>
          </reporter-output>
        </test-method> <!-- testProcess -->
        <test-method status="PASS" signature="testProcess(java.lang.String, java.lang.String)[pri:0, instance:marytts.language.lb.LuxembourgishPreprocessTest@29ba4338]" name="testProcess" duration-ms="26" started-at="2018-02-13T15:49:20Z" data-provider="docData" finished-at="2018-02-13T15:49:20Z">
          <params>
            <param index="0">
              <value>
                <![CDATA[10]]>
              </value>
            </param>
            <param index="1">
              <value>
                <![CDATA[zéng]]>
              </value>
            </param>
          </params>
          <reporter-output>
          </reporter-output>
        </test-method> <!-- testProcess -->
        <test-method status="PASS" signature="testProcess(java.lang.String, java.lang.String)[pri:0, instance:marytts.language.lb.LuxembourgishPreprocessTest@29ba4338]" name="testProcess" duration-ms="40" started-at="2018-02-13T15:49:20Z" data-provider="docData" finished-at="2018-02-13T15:49:20Z">
          <params>
            <param index="0">
              <value>
                <![CDATA[11]]>
              </value>
            </param>
            <param index="1">
              <value>
                <![CDATA[eelef]]>
              </value>
            </param>
          </params>
          <reporter-output>
          </reporter-output>
        </test-method> <!-- testProcess -->
        <test-method status="PASS" signature="testProcess(java.lang.String, java.lang.String)[pri:0, instance:marytts.language.lb.LuxembourgishPreprocessTest@29ba4338]" name="testProcess" duration-ms="25" started-at="2018-02-13T15:49:20Z" data-provider="docData" finished-at="2018-02-13T15:49:20Z">
          <params>
            <param index="0">
              <value>
                <![CDATA[20]]>
              </value>
            </param>
            <param index="1">
              <value>
                <![CDATA[zwanzeg]]>
              </value>
            </param>
          </params>
          <reporter-output>
          </reporter-output>
        </test-method> <!-- testProcess -->
        <test-method status="PASS" signature="testProcess(java.lang.String, java.lang.String)[pri:0, instance:marytts.language.lb.LuxembourgishPreprocessTest@29ba4338]" name="testProcess" duration-ms="49" started-at="2018-02-13T15:49:20Z" data-provider="docData" finished-at="2018-02-13T15:49:20Z">
          <params>
            <param index="0">
              <value>
                <![CDATA[42]]>
              </value>
            </param>
            <param index="1">
              <value>
                <![CDATA[zweeavéierzeg]]>
              </value>
            </param>
          </params>
          <reporter-output>
          </reporter-output>
        </test-method> <!-- testProcess -->
        <test-method status="PASS" signature="testProcess(java.lang.String, java.lang.String)[pri:0, instance:marytts.language.lb.LuxembourgishPreprocessTest@29ba4338]" name="testProcess" duration-ms="46" started-at="2018-02-13T15:49:21Z" data-provider="docData" finished-at="2018-02-13T15:49:21Z">
          <params>
            <param index="0">
              <value>
                <![CDATA[24]]>
              </value>
            </param>
            <param index="1">
              <value>
                <![CDATA[véieranzwanzeg]]>
              </value>
            </param>
          </params>
          <reporter-output>
          </reporter-output>
        </test-method> <!-- testProcess -->
        <test-method status="PASS" signature="testProcess(java.lang.String, java.lang.String)[pri:0, instance:marytts.language.lb.LuxembourgishPreprocessTest@29ba4338]" name="testProcess" duration-ms="25" started-at="2018-02-13T15:49:21Z" data-provider="docData" finished-at="2018-02-13T15:49:21Z">
          <params>
            <param index="0">
              <value>
                <![CDATA[3567]]>
              </value>
            </param>
            <param index="1">
              <value>
                <![CDATA[dräidausendfënnefhonnertsiwenasiechzeg]]>
              </value>
            </param>
          </params>
          <reporter-output>
          </reporter-output>
        </test-method> <!-- testProcess -->
        <test-method status="PASS" signature="testProcess(java.lang.String, java.lang.String)[pri:0, instance:marytts.language.lb.LuxembourgishPreprocessTest@29ba4338]" name="testProcess" duration-ms="40" started-at="2018-02-13T15:49:21Z" data-provider="docData" finished-at="2018-02-13T15:49:21Z">
          <params>
            <param index="0">
              <value>
                <![CDATA[15.]]>
              </value>
            </param>
            <param index="1">
              <value>
                <![CDATA[fofzéngt]]>
              </value>
            </param>
          </params>
          <reporter-output>
          </reporter-output>
        </test-method> <!-- testProcess -->
        <test-method status="PASS" signature="testProcess(java.lang.String, java.lang.String)[pri:0, instance:marytts.language.lb.LuxembourgishPreprocessTest@29ba4338]" name="testProcess" duration-ms="35" started-at="2018-02-13T15:49:21Z" data-provider="docData" finished-at="2018-02-13T15:49:21Z">
          <params>
            <param index="0">
              <value>
                <![CDATA[20.]]>
              </value>
            </param>
            <param index="1">
              <value>
                <![CDATA[zwanzegst]]>
              </value>
            </param>
          </params>
          <reporter-output>
          </reporter-output>
        </test-method> <!-- testProcess -->
      </class> <!-- marytts.language.lb.LuxembourgishPreprocessTest -->
      <class name="marytts.language.lb.LuxembourgishPhonemiserTest">
        <test-method status="PASS" signature="setUp()[pri:0, instance:marytts.language.lb.LuxembourgishPhonemiserTest@4206a205]" name="setUp" is-config="true" duration-ms="497" started-at="2018-02-13T15:49:18Z" finished-at="2018-02-13T15:49:18Z">
          <reporter-output>
          </reporter-output>
        </test-method> <!-- setUp -->
        <test-method status="PASS" signature="setUp()[pri:0, instance:marytts.language.lb.LuxembourgishPreprocessTest@29ba4338]" name="setUp" is-config="true" duration-ms="191" started-at="2018-02-13T15:49:18Z" finished-at="2018-02-13T15:49:19Z">
          <reporter-output>
          </reporter-output>
        </test-method> <!-- setUp -->
        <test-method status="PASS" signature="testProcess(java.lang.String, java.lang.String, java.lang.String, java.lang.String)[pri:0, instance:marytts.language.lb.LuxembourgishPhonemiserTest@4206a205]" name="testProcess" duration-ms="1035" started-at="2018-02-13T15:49:19Z" data-provider="data" finished-at="2018-02-13T15:49:20Z">
          <params>
            <param index="0">
              <value>
                <![CDATA[aacht]]>
              </value>
            </param>
            <param index="1">
              <value>
                <![CDATA[a: X t]]>
              </value>
            </param>
            <param index="2">
              <value>
                <![CDATA[content]]>
              </value>
            </param>
            <param index="3">
              <value>
                <![CDATA[lexicon]]>
              </value>
            </param>
          </params>
          <reporter-output>
          </reporter-output>
        </test-method> <!-- testProcess -->
        <test-method status="PASS" signature="testProcess(java.lang.String, java.lang.String, java.lang.String, java.lang.String)[pri:0, instance:marytts.language.lb.LuxembourgishPhonemiserTest@4206a205]" name="testProcess" duration-ms="50" started-at="2018-02-13T15:49:20Z" data-provider="data" finished-at="2018-02-13T15:49:20Z">
          <params>
            <param index="0">
              <value>
                <![CDATA[den]]>
              </value>
            </param>
            <param index="1">
              <value>
                <![CDATA[d @ n]]>
              </value>
            </param>
            <param index="2">
              <value>
                <![CDATA[content]]>
              </value>
            </param>
            <param index="3">
              <value>
                <![CDATA[lexicon]]>
              </value>
            </param>
          </params>
          <reporter-output>
          </reporter-output>
        </test-method> <!-- testProcess -->
        <test-method status="PASS" signature="testProcess(java.lang.String, java.lang.String, java.lang.String, java.lang.String)[pri:0, instance:marytts.language.lb.LuxembourgishPhonemiserTest@4206a205]" name="testProcess" duration-ms="87" started-at="2018-02-13T15:49:20Z" data-provider="data" finished-at="2018-02-13T15:49:20Z">
          <params>
            <param index="0">
              <value>
                <![CDATA[packen]]>
              </value>
            </param>
            <param index="1">
              <value>
                <![CDATA[p A k @ n]]>
              </value>
            </param>
            <param index="2">
              <value>
                <![CDATA[content]]>
              </value>
            </param>
            <param index="3">
              <value>
                <![CDATA[lexicon]]>
              </value>
            </param>
          </params>
          <reporter-output>
          </reporter-output>
        </test-method> <!-- testProcess -->
        <test-method status="PASS" signature="testProcess(java.lang.String, java.lang.String, java.lang.String, java.lang.String)[pri:0, instance:marytts.language.lb.LuxembourgishPhonemiserTest@4206a205]" name="testProcess" duration-ms="63" started-at="2018-02-13T15:49:20Z" data-provider="data" finished-at="2018-02-13T15:49:20Z">
          <params>
            <param index="0">
              <value>
                <![CDATA[glace]]>
              </value>
            </param>
            <param index="1">
              <value>
                <![CDATA[' g l a s]]>
              </value>
            </param>
            <param index="2">
              <value>
                <![CDATA[content]]>
              </value>
            </param>
            <param index="3">
              <value>
                <![CDATA[lexicon_fr]]>
              </value>
            </param>
          </params>
          <reporter-output>
          </reporter-output>
        </test-method> <!-- testProcess -->
        <test-method status="PASS" signature="testProcess(java.lang.String, java.lang.String, java.lang.String, java.lang.String)[pri:0, instance:marytts.language.lb.LuxembourgishPhonemiserTest@4206a205]" name="testProcess" duration-ms="50" started-at="2018-02-13T15:49:20Z" data-provider="data" finished-at="2018-02-13T15:49:20Z">
          <params>
            <param index="0">
              <value>
                <![CDATA[MaryTTS]]>
              </value>
            </param>
            <param index="1">
              <value>
                <![CDATA[m E - R i - t e: - t e: - ' E s]]>
              </value>
            </param>
            <param index="2">
              <value>
                <![CDATA[content]]>
              </value>
            </param>
            <param index="3">
              <value>
                <![CDATA[userdict]]>
              </value>
            </param>
          </params>
          <reporter-output>
          </reporter-output>
        </test-method> <!-- testProcess -->
      </class> <!-- marytts.language.lb.LuxembourgishPhonemiserTest -->
      <class name="marytts.language.lb.LuxembourgishConfigTest">
        <test-method status="PASS" signature="canGet()[pri:0, instance:marytts.language.lb.LuxembourgishConfigTest@57175e74]" name="canGet" duration-ms="2" started-at="2018-02-13T15:49:21Z" finished-at="2018-02-13T15:49:21Z">
          <reporter-output>
          </reporter-output>
        </test-method> <!-- canGet -->
        <test-method status="PASS" signature="hasLuxembourgishLocale()[pri:0, instance:marytts.language.lb.LuxembourgishConfigTest@57175e74]" name="hasLuxembourgishLocale" duration-ms="5" started-at="2018-02-13T15:49:21Z" finished-at="2018-02-13T15:49:21Z">
          <reporter-output>
          </reporter-output>
        </test-method> <!-- hasLuxembourgishLocale -->
        <test-method status="PASS" signature="isNotMainConfig()[pri:0, instance:marytts.language.lb.LuxembourgishConfigTest@57175e74]" name="isNotMainConfig" duration-ms="6" started-at="2018-02-13T15:49:21Z" finished-at="2018-02-13T15:49:21Z">
          <reporter-output>
          </reporter-output>
        </test-method> <!-- isNotMainConfig -->
      </class> <!-- marytts.language.lb.LuxembourgishConfigTest -->
    </test> <!-- Surefire test -->
  </suite> <!-- Surefire suite -->
</testng-results>
